[2025-02-19 15:14:20] [ERROR] [/var/www/html/web/Util/ErrorHandler.php:31][error] Undefined array key 0 in /var/www/html/web/Cache/templates/templates-partials-_item-start.latte--f8949a5826.php on line 49 
[2025-02-19 15:14:20] [ERROR] [/var/www/html/web/Util/ErrorHandler.php:31][error] Undefined array key 0 in /var/www/html/web/Cache/templates/templates-partials-_item-start.latte--f8949a5826.php on line 49 
[2025-02-19 15:14:20] [ERROR] [/var/www/html/web/Util/ErrorHandler.php:31][error] Undefined array key 0 in /var/www/html/web/Cache/templates/templates-partials-_item-start.latte--f8949a5826.php on line 49 
[2025-02-19 15:14:20] [ERROR] [/var/www/html/web/Util/ErrorHandler.php:31][error] Undefined array key 0 in /var/www/html/web/Cache/templates/templates-partials-_item-start.latte--f8949a5826.php on line 49 
[2025-02-19 15:14:20] [ERROR] [/var/www/html/web/Util/ErrorHandler.php:31][error] Undefined array key 0 in /var/www/html/web/Cache/templates/templates-partials-_item-start.latte--f8949a5826.php on line 49 
[2025-02-19 15:14:20] [ERROR] [/var/www/html/web/Util/ErrorHandler.php:31][error] Undefined array key 0 in /var/www/html/web/Cache/templates/templates-partials-_item-start.latte--f8949a5826.php on line 49 
[2025-02-19 15:14:20] [ERROR] [/var/www/html/web/Util/ErrorHandler.php:31][error] Undefined array key 0 in /var/www/html/web/Cache/templates/templates-partials-_item-start.latte--f8949a5826.php on line 49 
[2025-02-19 15:14:20] [ERROR] [/var/www/html/web/Util/ErrorHandler.php:31][error] Undefined array key 0 in /var/www/html/web/Cache/templates/templates-partials-_item-start.latte--f8949a5826.php on line 49 
[2025-02-19 15:14:20] [ERROR] [/var/www/html/web/Util/ErrorHandler.php:31][error] Undefined array key 0 in /var/www/html/web/Cache/templates/templates-partials-_item-start.latte--f8949a5826.php on line 49 
[2025-02-19 15:14:20] [ERROR] [/var/www/html/web/Util/ErrorHandler.php:31][error] Undefined array key 0 in /var/www/html/web/Cache/templates/templates-partials-_item-start.latte--f8949a5826.php on line 49 
[2025-02-19 15:14:20] [ERROR] [/var/www/html/web/Util/ErrorHandler.php:31][error] Undefined array key 0 in /var/www/html/web/Cache/templates/templates-partials-_item-start.latte--f8949a5826.php on line 49 
[2025-02-19 15:14:20] [ERROR] [/var/www/html/web/Util/ErrorHandler.php:31][error] Undefined array key 0 in /var/www/html/web/Cache/templates/templates-partials-_item-start.latte--f8949a5826.php on line 49 
[2025-02-19 15:14:20] [ERROR] [/var/www/html/web/Util/ErrorHandler.php:31][error] Undefined array key 0 in /var/www/html/web/Cache/templates/templates-partials-_item-start.latte--f8949a5826.php on line 49 
[2025-02-19 15:14:20] [ERROR] [/var/www/html/web/Util/ErrorHandler.php:31][error] Undefined array key 0 in /var/www/html/web/Cache/templates/templates-partials-_item-start.latte--f8949a5826.php on line 49 
[2025-02-19 15:14:20] [ERROR] [/var/www/html/web/Util/ErrorHandler.php:31][error] Undefined array key 0 in /var/www/html/web/Cache/templates/templates-partials-_item-start.latte--f8949a5826.php on line 49 
[2025-02-19 15:14:20] [ERROR] [/var/www/html/web/Util/ErrorHandler.php:31][error] Undefined array key 0 in /var/www/html/web/Cache/templates/templates-partials-_item-start.latte--f8949a5826.php on line 49 
[2025-02-19 15:22:10] [ERROR] [/var/www/html/web/Util/ErrorHandler.php:31][error] Undefined variable $priceHistory in /var/www/html/web/Model/ItemMapper.php on line 54 
[2025-02-19 15:22:10] [ERROR] [/var/www/html/web/Util/ErrorHandler.php:21][error] Model\Item::setItemPriceHistory(): Argument #1 ($itemPriceHistory) must be of type array, null given, called in /var/www/html/web/Model/ItemMapper.php on line 54 {"exception":{}}
[2025-02-19 15:22:11] [ERROR] [/var/www/html/web/Util/ErrorHandler.php:31][error] Undefined variable $priceHistory in /var/www/html/web/Model/ItemMapper.php on line 54 
[2025-02-19 15:22:11] [ERROR] [/var/www/html/web/Util/ErrorHandler.php:21][error] Model\Item::setItemPriceHistory(): Argument #1 ($itemPriceHistory) must be of type array, null given, called in /var/www/html/web/Model/ItemMapper.php on line 54 {"exception":{}}
[2025-02-19 15:22:12] [ERROR] [/var/www/html/web/Util/ErrorHandler.php:31][error] Undefined variable $priceHistory in /var/www/html/web/Model/ItemMapper.php on line 54 
[2025-02-19 15:22:12] [ERROR] [/var/www/html/web/Util/ErrorHandler.php:21][error] Model\Item::setItemPriceHistory(): Argument #1 ($itemPriceHistory) must be of type array, null given, called in /var/www/html/web/Model/ItemMapper.php on line 54 {"exception":{}}
[2025-02-19 15:22:13] [ERROR] [/var/www/html/web/Util/ErrorHandler.php:31][error] Undefined variable $priceHistory in /var/www/html/web/Model/ItemMapper.php on line 54 
[2025-02-19 15:22:13] [ERROR] [/var/www/html/web/Util/ErrorHandler.php:21][error] Model\Item::setItemPriceHistory(): Argument #1 ($itemPriceHistory) must be of type array, null given, called in /var/www/html/web/Model/ItemMapper.php on line 54 {"exception":{}}
[2025-02-19 15:22:14] [ERROR] [/var/www/html/web/Util/ErrorHandler.php:31][error] Undefined variable $priceHistory in /var/www/html/web/Model/ItemMapper.php on line 54 
[2025-02-19 15:22:14] [ERROR] [/var/www/html/web/Util/ErrorHandler.php:21][error] Model\Item::setItemPriceHistory(): Argument #1 ($itemPriceHistory) must be of type array, null given, called in /var/www/html/web/Model/ItemMapper.php on line 54 {"exception":{}}
[2025-02-19 15:22:26] [ERROR] [/var/www/html/web/Util/ErrorHandler.php:31][error] Undefined variable $priceHistory in /var/www/html/web/Model/ItemMapper.php on line 54 
[2025-02-19 15:22:26] [ERROR] [/var/www/html/web/Util/ErrorHandler.php:21][error] Model\Item::setItemPriceHistory(): Argument #1 ($itemPriceHistory) must be of type array, null given, called in /var/www/html/web/Model/ItemMapper.php on line 54 {"exception":{}}
[2025-02-19 15:22:27] [ERROR] [/var/www/html/web/Util/ErrorHandler.php:31][error] Undefined variable $priceHistory in /var/www/html/web/Model/ItemMapper.php on line 54 
[2025-02-19 15:22:27] [ERROR] [/var/www/html/web/Util/ErrorHandler.php:21][error] Model\Item::setItemPriceHistory(): Argument #1 ($itemPriceHistory) must be of type array, null given, called in /var/www/html/web/Model/ItemMapper.php on line 54 {"exception":{}}
[2025-02-19 15:22:28] [ERROR] [/var/www/html/web/Util/ErrorHandler.php:31][error] Undefined variable $priceHistory in /var/www/html/web/Model/ItemMapper.php on line 54 
[2025-02-19 15:22:28] [ERROR] [/var/www/html/web/Util/ErrorHandler.php:21][error] Model\Item::setItemPriceHistory(): Argument #1 ($itemPriceHistory) must be of type array, null given, called in /var/www/html/web/Model/ItemMapper.php on line 54 {"exception":{}}
[2025-02-19 15:22:29] [ERROR] [/var/www/html/web/Util/ErrorHandler.php:31][error] Undefined variable $priceHistory in /var/www/html/web/Model/ItemMapper.php on line 54 
[2025-02-19 15:22:29] [ERROR] [/var/www/html/web/Util/ErrorHandler.php:21][error] Model\Item::setItemPriceHistory(): Argument #1 ($itemPriceHistory) must be of type array, null given, called in /var/www/html/web/Model/ItemMapper.php on line 54 {"exception":{}}
[2025-02-19 15:23:42] [ERROR] [/var/www/html/web/Util/ErrorHandler.php:31][error] Undefined variable $priceHistory in /var/www/html/web/Model/ItemMapper.php on line 54 
[2025-02-19 15:23:42] [ERROR] [/var/www/html/web/Util/ErrorHandler.php:21][error] Model\Item::setItemPriceHistory(): Argument #1 ($itemPriceHistory) must be of type array, null given, called in /var/www/html/web/Model/ItemMapper.php on line 54 {"exception":{}}
[2025-02-19 15:24:42] [ERROR] [/var/www/html/web/Util/ErrorHandler.php:31][error] Undefined variable $priceHistory in /var/www/html/web/Model/ItemMapper.php on line 54 
[2025-02-19 15:24:42] [ERROR] [/var/www/html/web/Util/ErrorHandler.php:21][error] Model\Item::setItemPriceHistory(): Argument #1 ($itemPriceHistory) must be of type array, null given, called in /var/www/html/web/Model/ItemMapper.php on line 54 {"exception":{}}
[2025-02-19 15:24:43] [ERROR] [/var/www/html/web/Util/ErrorHandler.php:31][error] Undefined variable $priceHistory in /var/www/html/web/Model/ItemMapper.php on line 54 
[2025-02-19 15:24:43] [ERROR] [/var/www/html/web/Util/ErrorHandler.php:21][error] Model\Item::setItemPriceHistory(): Argument #1 ($itemPriceHistory) must be of type array, null given, called in /var/www/html/web/Model/ItemMapper.php on line 54 {"exception":{}}
[2025-02-19 15:24:43] [ERROR] [/var/www/html/web/Util/ErrorHandler.php:31][error] Undefined variable $priceHistory in /var/www/html/web/Model/ItemMapper.php on line 54 
[2025-02-19 15:24:43] [ERROR] [/var/www/html/web/Util/ErrorHandler.php:21][error] Model\Item::setItemPriceHistory(): Argument #1 ($itemPriceHistory) must be of type array, null given, called in /var/www/html/web/Model/ItemMapper.php on line 54 {"exception":{}}
[2025-02-19 15:24:43] [ERROR] [/var/www/html/web/Util/ErrorHandler.php:31][error] Undefined variable $priceHistory in /var/www/html/web/Model/ItemMapper.php on line 54 
[2025-02-19 15:24:43] [ERROR] [/var/www/html/web/Util/ErrorHandler.php:21][error] Model\Item::setItemPriceHistory(): Argument #1 ($itemPriceHistory) must be of type array, null given, called in /var/www/html/web/Model/ItemMapper.php on line 54 {"exception":{}}
[2025-02-19 18:33:48] [ERROR] [F:\Personal Stuff\Development\Code\PHP\PatrigiosMarketAnalytics\Util\ErrorHandler.php:21][error] Call to a member function prepare() on null {"exception":{}}
[2025-02-19 18:36:46] [ERROR] [F:\Personal Stuff\Development\Code\PHP\PatrigiosMarketAnalytics\Util\ErrorHandler.php:31][error] Undefined array key "sid" in F:\Personal Stuff\Development\Code\PHP\PatrigiosMarketAnalytics\Model\ItemMapper.php on line 20 
[2025-02-19 18:36:46] [ERROR] [F:\Personal Stuff\Development\Code\PHP\PatrigiosMarketAnalytics\Util\ErrorHandler.php:31][error] Undefined array key "sid" in F:\Personal Stuff\Development\Code\PHP\PatrigiosMarketAnalytics\Model\ItemMapper.php on line 20 
[2025-02-19 18:36:46] [ERROR] [F:\Personal Stuff\Development\Code\PHP\PatrigiosMarketAnalytics\Util\ErrorHandler.php:31][error] Undefined array key "sid" in F:\Personal Stuff\Development\Code\PHP\PatrigiosMarketAnalytics\Model\ItemMapper.php on line 20 
[2025-02-19 18:36:46] [ERROR] [F:\Personal Stuff\Development\Code\PHP\PatrigiosMarketAnalytics\Util\ErrorHandler.php:31][error] Undefined array key "sid" in F:\Personal Stuff\Development\Code\PHP\PatrigiosMarketAnalytics\Model\ItemMapper.php on line 20 
[2025-02-19 18:36:46] [ERROR] [F:\Personal Stuff\Development\Code\PHP\PatrigiosMarketAnalytics\Util\ErrorHandler.php:31][error] Undefined array key "sid" in F:\Personal Stuff\Development\Code\PHP\PatrigiosMarketAnalytics\Model\ItemMapper.php on line 20 
[2025-02-19 18:36:46] [ERROR] [F:\Personal Stuff\Development\Code\PHP\PatrigiosMarketAnalytics\Util\ErrorHandler.php:31][error] Undefined array key "sid" in F:\Personal Stuff\Development\Code\PHP\PatrigiosMarketAnalytics\Model\ItemMapper.php on line 20 
[2025-02-19 18:36:46] [ERROR] [F:\Personal Stuff\Development\Code\PHP\PatrigiosMarketAnalytics\Util\ErrorHandler.php:31][error] Undefined array key "sid" in F:\Personal Stuff\Development\Code\PHP\PatrigiosMarketAnalytics\Model\ItemMapper.php on line 20 
[2025-02-19 18:36:46] [ERROR] [F:\Personal Stuff\Development\Code\PHP\PatrigiosMarketAnalytics\Util\ErrorHandler.php:31][error] Undefined array key "sid" in F:\Personal Stuff\Development\Code\PHP\PatrigiosMarketAnalytics\Model\ItemMapper.php on line 20 
[2025-02-19 18:37:03] [ERROR] [F:\Personal Stuff\Development\Code\PHP\PatrigiosMarketAnalytics\Util\ErrorHandler.php:31][error] Undefined array key "sid" in F:\Personal Stuff\Development\Code\PHP\PatrigiosMarketAnalytics\Model\ItemMapper.php on line 20 
[2025-02-19 18:37:03] [ERROR] [F:\Personal Stuff\Development\Code\PHP\PatrigiosMarketAnalytics\Util\ErrorHandler.php:31][error] Undefined array key "sid" in F:\Personal Stuff\Development\Code\PHP\PatrigiosMarketAnalytics\Model\ItemMapper.php on line 20 
[2025-02-19 18:37:03] [ERROR] [F:\Personal Stuff\Development\Code\PHP\PatrigiosMarketAnalytics\Util\ErrorHandler.php:31][error] Undefined array key "sid" in F:\Personal Stuff\Development\Code\PHP\PatrigiosMarketAnalytics\Model\ItemMapper.php on line 20 
[2025-02-19 18:37:03] [ERROR] [F:\Personal Stuff\Development\Code\PHP\PatrigiosMarketAnalytics\Util\ErrorHandler.php:31][error] Undefined array key "sid" in F:\Personal Stuff\Development\Code\PHP\PatrigiosMarketAnalytics\Model\ItemMapper.php on line 20 
[2025-02-19 18:37:03] [ERROR] [F:\Personal Stuff\Development\Code\PHP\PatrigiosMarketAnalytics\Util\ErrorHandler.php:31][error] Undefined array key "sid" in F:\Personal Stuff\Development\Code\PHP\PatrigiosMarketAnalytics\Model\ItemMapper.php on line 20 
[2025-02-19 18:37:03] [ERROR] [F:\Personal Stuff\Development\Code\PHP\PatrigiosMarketAnalytics\Util\ErrorHandler.php:31][error] Undefined array key "sid" in F:\Personal Stuff\Development\Code\PHP\PatrigiosMarketAnalytics\Model\ItemMapper.php on line 20 
[2025-02-19 18:37:03] [ERROR] [F:\Personal Stuff\Development\Code\PHP\PatrigiosMarketAnalytics\Util\ErrorHandler.php:31][error] Undefined array key "sid" in F:\Personal Stuff\Development\Code\PHP\PatrigiosMarketAnalytics\Model\ItemMapper.php on line 20 
[2025-02-19 18:37:03] [ERROR] [F:\Personal Stuff\Development\Code\PHP\PatrigiosMarketAnalytics\Util\ErrorHandler.php:31][error] Undefined array key "sid" in F:\Personal Stuff\Development\Code\PHP\PatrigiosMarketAnalytics\Model\ItemMapper.php on line 20 
[2025-02-19 18:38:19] [ERROR] [F:\Personal Stuff\Development\Code\PHP\PatrigiosMarketAnalytics\Util\ErrorHandler.php:31][error] Undefined array key "sid" in F:\Personal Stuff\Development\Code\PHP\PatrigiosMarketAnalytics\Model\ItemMapper.php on line 22 
[2025-02-19 18:38:19] [ERROR] [F:\Personal Stuff\Development\Code\PHP\PatrigiosMarketAnalytics\Util\ErrorHandler.php:31][error] Undefined array key "sid" in F:\Personal Stuff\Development\Code\PHP\PatrigiosMarketAnalytics\Model\ItemMapper.php on line 22 
[2025-02-19 18:38:19] [ERROR] [F:\Personal Stuff\Development\Code\PHP\PatrigiosMarketAnalytics\Util\ErrorHandler.php:31][error] Undefined array key "sid" in F:\Personal Stuff\Development\Code\PHP\PatrigiosMarketAnalytics\Model\ItemMapper.php on line 22 
[2025-02-19 18:38:19] [ERROR] [F:\Personal Stuff\Development\Code\PHP\PatrigiosMarketAnalytics\Util\ErrorHandler.php:31][error] Undefined array key "sid" in F:\Personal Stuff\Development\Code\PHP\PatrigiosMarketAnalytics\Model\ItemMapper.php on line 22 
[2025-02-19 18:38:19] [ERROR] [F:\Personal Stuff\Development\Code\PHP\PatrigiosMarketAnalytics\Util\ErrorHandler.php:31][error] Undefined array key "sid" in F:\Personal Stuff\Development\Code\PHP\PatrigiosMarketAnalytics\Model\ItemMapper.php on line 22 
[2025-02-19 18:38:19] [ERROR] [F:\Personal Stuff\Development\Code\PHP\PatrigiosMarketAnalytics\Util\ErrorHandler.php:31][error] Undefined array key "sid" in F:\Personal Stuff\Development\Code\PHP\PatrigiosMarketAnalytics\Model\ItemMapper.php on line 22 
[2025-02-19 18:38:19] [ERROR] [F:\Personal Stuff\Development\Code\PHP\PatrigiosMarketAnalytics\Util\ErrorHandler.php:31][error] Undefined array key "sid" in F:\Personal Stuff\Development\Code\PHP\PatrigiosMarketAnalytics\Model\ItemMapper.php on line 22 
[2025-02-19 18:38:19] [ERROR] [F:\Personal Stuff\Development\Code\PHP\PatrigiosMarketAnalytics\Util\ErrorHandler.php:31][error] Undefined array key "sid" in F:\Personal Stuff\Development\Code\PHP\PatrigiosMarketAnalytics\Model\ItemMapper.php on line 22 
[2025-02-19 18:49:24] [ERROR] [F:\Personal Stuff\Development\Code\PHP\PatrigiosMarketAnalytics\Util\ErrorHandler.php:21][error] Model\ItemMapper::addMarketInfo(): Argument #2 ($marketInfo) must be of type array, null given, called in F:\Personal Stuff\Development\Code\PHP\PatrigiosMarketAnalytics\Service\ItemService.php on line 98 {"exception":{}}
[2025-02-19 18:49:28] [ERROR] [F:\Personal Stuff\Development\Code\PHP\PatrigiosMarketAnalytics\Util\ErrorHandler.php:21][error] Model\ItemMapper::addMarketInfo(): Argument #2 ($marketInfo) must be of type array, null given, called in F:\Personal Stuff\Development\Code\PHP\PatrigiosMarketAnalytics\Service\ItemService.php on line 98 {"exception":{}}
[2025-02-19 18:49:32] [ERROR] [F:\Personal Stuff\Development\Code\PHP\PatrigiosMarketAnalytics\Util\ErrorHandler.php:21][error] Model\ItemMapper::addMarketInfo(): Argument #2 ($marketInfo) must be of type array, null given, called in F:\Personal Stuff\Development\Code\PHP\PatrigiosMarketAnalytics\Service\ItemService.php on line 98 {"exception":{}}
[2025-02-19 18:51:38] [ERROR] [F:\Personal Stuff\Development\Code\PHP\PatrigiosMarketAnalytics\Util\ErrorHandler.php:21][error] Service\ApiService::getMissingPriceHistoryIds(): Return value must be of type array, null returned {"exception":{}}
